[INFO  - 2016-10-26T16:44:49.001Z] GhostDriver - Main - running on port 38804
[INFO  - 2016-10-26T16:44:49.582Z] Session [82a84200-9b9b-11e6-a053-13b604ed0f72] - page.settings - {"XSSAuditingEnabled":false,"javascriptCanCloseWindows":true,"javascriptCanOpenWindows":true,"javascriptEnabled":true,"loadImages":true,"localToRemoteUrlAccessEnabled":false,"userAgent":"Mozilla/5.0 (Windows NT 6.1; WOW64) AppleWebKit/538.1 (KHTML, like Gecko) PhantomJS/2.1.1 Safari/538.1","webSecurityEnabled":true}
[INFO  - 2016-10-26T16:44:49.582Z] Session [82a84200-9b9b-11e6-a053-13b604ed0f72] - page.customHeaders:  - {}
[INFO  - 2016-10-26T16:44:49.582Z] Session [82a84200-9b9b-11e6-a053-13b604ed0f72] - Session.negotiatedCapabilities - {"browserName":"phantomjs","version":"2.1.1","driverName":"ghostdriver","driverVersion":"1.2.0","platform":"windows-7-32bit","javascriptEnabled":true,"takesScreenshot":true,"handlesAlerts":false,"databaseEnabled":false,"locationContextEnabled":false,"applicationCacheEnabled":false,"browserConnectionEnabled":false,"cssSelectorsEnabled":true,"webStorageEnabled":false,"rotatable":false,"acceptSslCerts":false,"nativeEvents":true,"proxy":{"proxyType":"direct"}}
[INFO  - 2016-10-26T16:44:49.583Z] SessionManagerReqHand - _postNewSessionCommand - New Session Created: 82a84200-9b9b-11e6-a053-13b604ed0f72
[INFO  - 2016-10-26T16:49:49.026Z] SessionManagerReqHand - _cleanupWindowlessSessions - Asynchronous Sessions clean-up phase starting NOW
[INFO  - 2016-10-26T16:49:49.027Z] SessionManagerReqHand - _cleanupWindowlessSessions - Deleted Session '82a84200-9b9b-11e6-a053-13b604ed0f72', because windowless
mages":true,"localToRemoteUrlAccessEnabled":false,"userAgent":"Mozilla/5.0 (Windows NT 6.1; WOW64) AppleWebKit/538.1 (KHTML, like Gecko) PhantomJS/2.1.1 Safari/538.1","webSecurityEnabled":true}
[INFO  - 2016-10-26T16:45:54.326Z] Session [a93f6880-9b9b-11e6-bc53-cd9846a54a02] - page.customHeaders:  - {}
[INFO  - 2016-10-26T16:45:54.326Z] Session [a93f6880-9b9b-11e6-bc53-cd9846a54a02] - Session.negotiatedCapabilities - {"browserName":"phantomjs","version":"2.1.1","driverName":"ghostdriver","driverVersion":"1.2.0","platform":"windows-7-32bit","javascriptEnabled":true,"takesScreenshot":true,"handlesAlerts":false,"databaseEnabled":false,"locationContextEnabled":false,"applicationCacheEnabled":false,"browserConnectionEnabled":false,"cssSelectorsEnabled":true,"webStorageEnabled":false,"rotatable":false,"acceptSslCerts":false,"nativeEvents":true,"proxy":{"proxyType":"direct"}}
[INFO  - 2016-10-26T16:45:54.326Z] SessionManagerReqHand - _postNewSessionCommand - New Session Created: a93f6880-9b9b-11e6-bc53-cd9846a54a02
[INFO  - 2016-10-26T16:50:53.600Z] SessionManagerReqHand - _cleanupWindowlessSessions - Asynchronous Sessions clean-up phase starting NOW
[INFO  - 2016-10-26T16:50:53.601Z] SessionManagerReqHand - _cleanupWindowlessSessions - Deleted Session 'a93f6880-9b9b-11e6-bc53-cd9846a54a02', because windowless
[INFO  - 2016-10-26T18:07:23.716Z] GhostDriver - Main - running on port 4848
[INFO  - 2016-10-26T18:07:24.488Z] Session [0c0310b0-9ba7-11e6-abe9-6f9106c6cdff] - page.settings - {"XSSAuditingEnabled":false,"javascriptCanCloseWindows":true,"javascriptCanOpenWindows":true,"javascriptEnabled":true,"loadImages":true,"localToRemoteUrlAccessEnabled":false,"userAgent":"Mozilla/5.0 (Windows NT 6.1; WOW64) AppleWebKit/538.1 (KHTML, like Gecko) PhantomJS/2.1.1 Safari/538.1","webSecurityEnabled":true}
[INFO  - 2016-10-26T18:07:24.488Z] Session [0c0310b0-9ba7-11e6-abe9-6f9106c6cdff] - page.customHeaders:  - {}
[INFO  - 2016-10-26T18:07:24.488Z] Session [0c0310b0-9ba7-11e6-abe9-6f9106c6cdff] - Session.negotiatedCapabilities - {"browserName":"phantomjs","version":"2.1.1","driverName":"ghostdriver","driverVersion":"1.2.0","platform":"windows-7-32bit","javascriptEnabled":true,"takesScreenshot":true,"handlesAlerts":false,"databaseEnabled":false,"locationContextEnabled":false,"applicationCacheEnabled":false,"browserConnectionEnabled":false,"cssSelectorsEnabled":true,"webStorageEnabled":false,"rotatable":false,"acceptSslCerts":false,"nativeEvents":true,"proxy":{"proxyType":"direct"}}
[INFO  - 2016-10-26T18:07:24.489Z] SessionManagerReqHand - _postNewSessionCommand - New Session Created: 0c0310b0-9ba7-11e6-abe9-6f9106c6cdff
[INFO  - 2016-10-26T18:12:23.677Z] SessionManagerReqHand - _cleanupWindowlessSessions - Asynchronous Sessions clean-up phase starting NOW
[INFO  - 2016-10-26T18:12:23.677Z] SessionManagerReqHand - _cleanupWindowlessSessions - Deleted Session '0c0310b0-9ba7-11e6-abe9-6f9106c6cdff', because windowless
[INFO  - 2016-10-26T18:21:02.859Z] GhostDriver - Main - running on port 5307
[INFO  - 2016-10-26T18:21:03.412Z] Session [f420f370-9ba8-11e6-b25c-4fa470f1a1d3] - page.settings - {"XSSAuditingEnabled":false,"javascriptCanCloseWindows":true,"javascriptCanOpenWindows":true,"javascriptEnabled":true,"loadImages":true,"localToRemoteUrlAccessEnabled":false,"userAgent":"Mozilla/5.0 (Windows NT 6.1; WOW64) AppleWebKit/538.1 (KHTML, like Gecko) PhantomJS/2.1.1 Safari/538.1","webSecurityEnabled":true}
[INFO  - 2016-10-26T18:21:03.412Z] Session [f420f370-9ba8-11e6-b25c-4fa470f1a1d3] - page.customHeaders:  - {}
[INFO  - 2016-10-26T18:21:03.413Z] Session [f420f370-9ba8-11e6-b25c-4fa470f1a1d3] - Session.negotiatedCapabilities - {"browserName":"phantomjs","version":"2.1.1","driverName":"ghostdriver","driverVersion":"1.2.0","platform":"windows-7-32bit","javascriptEnabled":true,"takesScreenshot":true,"handlesAlerts":false,"databaseEnabled":false,"locationContextEnabled":false,"applicationCacheEnabled":false,"browserConnectionEnabled":false,"cssSelectorsEnabled":true,"webStorageEnabled":false,"rotatable":false,"acceptSslCerts":false,"nativeEvents":true,"proxy":{"proxyType":"direct"}}
[INFO  - 2016-10-26T18:21:03.413Z] SessionManagerReqHand - _postNewSessionCommand - New Session Created: f420f370-9ba8-11e6-b25c-4fa470f1a1d3
[ERROR - 2016-10-26T18:21:18.160Z] WebElementLocator - _handleLocateCommand - Element(s) NOT Found: GAVE UP. Search Stop Time: 1477506078108
[INFO  - 2016-10-26T18:26:02.849Z] SessionManagerReqHand - _cleanupWindowlessSessions - Asynchronous Sessions clean-up phase starting NOW
[INFO  - 2016-10-26T18:26:02.849Z] SessionManagerReqHand - _cleanupWindowlessSessions - Deleted Session 'f420f370-9ba8-11e6-b25c-4fa470f1a1d3', because windowless
Images":true,"localToRemoteUrlAccessEnabled":false,"userAgent":"Mozilla/5.0 (Windows NT 6.1; WOW64) AppleWebKit/538.1 (KHTML, like Gecko) PhantomJS/2.1.1 Safari/538.1","webSecurityEnabled":true}
[INFO  - 2016-10-26T18:22:03.984Z] Session [183b8130-9ba9-11e6-a42d-75350115566a] - page.customHeaders:  - {}
[INFO  - 2016-10-26T18:22:03.984Z] Session [183b8130-9ba9-11e6-a42d-75350115566a] - Session.negotiatedCapabilities - {"browserName":"phantomjs","version":"2.1.1","driverName":"ghostdriver","driverVersion":"1.2.0","platform":"windows-7-32bit","javascriptEnabled":true,"takesScreenshot":true,"handlesAlerts":false,"databaseEnabled":false,"locationContextEnabled":false,"applicationCacheEnabled":false,"browserConnectionEnabled":false,"cssSelectorsEnabled":true,"webStorageEnabled":false,"rotatable":false,"acceptSslCerts":false,"nativeEvents":true,"proxy":{"proxyType":"direct"}}
[INFO  - 2016-10-26T18:22:03.985Z] SessionManagerReqHand - _postNewSessionCommand - New Session Created: 183b8130-9ba9-11e6-a42d-75350115566a
[INFO  - 2016-10-26T18:27:03.253Z] SessionManagerReqHand - _cleanupWindowlessSessions - Asynchronous Sessions clean-up phase starting NOW
[INFO  - 2016-10-26T18:27:03.253Z] SessionManagerReqHand - _cleanupWindowlessSessions - Deleted Session '183b8130-9ba9-11e6-a42d-75350115566a', because windowless
[INFO  - 2016-10-26T19:30:01.270Z] GhostDriver - Main - running on port 18286
[INFO  - 2016-10-26T19:30:01.913Z] Session [96de16c0-9bb2-11e6-973d-5b51cb298620] - page.settings - {"XSSAuditingEnabled":false,"javascriptCanCloseWindows":true,"javascriptCanOpenWindows":true,"javascriptEnabled":true,"loadImages":true,"localToRemoteUrlAccessEnabled":false,"userAgent":"Mozilla/5.0 (Windows NT 6.1; WOW64) AppleWebKit/538.1 (KHTML, like Gecko) PhantomJS/2.1.1 Safari/538.1","webSecurityEnabled":true}
[INFO  - 2016-10-26T19:30:01.913Z] Session [96de16c0-9bb2-11e6-973d-5b51cb298620] - page.customHeaders:  - {}
[INFO  - 2016-10-26T19:30:01.913Z] Session [96de16c0-9bb2-11e6-973d-5b51cb298620] - Session.negotiatedCapabilities - {"browserName":"phantomjs","version":"2.1.1","driverName":"ghostdriver","driverVersion":"1.2.0","platform":"windows-7-32bit","javascriptEnabled":true,"takesScreenshot":true,"handlesAlerts":false,"databaseEnabled":false,"locationContextEnabled":false,"applicationCacheEnabled":false,"browserConnectionEnabled":false,"cssSelectorsEnabled":true,"webStorageEnabled":false,"rotatable":false,"acceptSslCerts":false,"nativeEvents":true,"proxy":{"proxyType":"direct"}}
[INFO  - 2016-10-26T19:30:01.913Z] SessionManagerReqHand - _postNewSessionCommand - New Session Created: 96de16c0-9bb2-11e6-973d-5b51cb298620
[INFO  - 2016-10-26T19:35:01.279Z] SessionManagerReqHand - _cleanupWindowlessSessions - Asynchronous Sessions clean-up phase starting NOW
[INFO  - 2016-10-26T19:35:01.280Z] SessionManagerReqHand - _cleanupWindowlessSessions - Deleted Session '96de16c0-9bb2-11e6-973d-5b51cb298620', because windowless
[INFO  - 2016-10-26T20:49:49.377Z] GhostDriver - Main - running on port 20613
[INFO  - 2016-10-26T20:49:50.660Z] Session [bd2f3290-9bbd-11e6-af6f-77f59f27e5fd] - page.settings - {"XSSAuditingEnabled":false,"javascriptCanCloseWindows":true,"javascriptCanOpenWindows":true,"javascriptEnabled":true,"loadImages":true,"localToRemoteUrlAccessEnabled":false,"userAgent":"Mozilla/5.0 (Windows NT 6.1; WOW64) AppleWebKit/538.1 (KHTML, like Gecko) PhantomJS/2.1.1 Safari/538.1","webSecurityEnabled":true}
[INFO  - 2016-10-26T20:49:50.661Z] Session [bd2f3290-9bbd-11e6-af6f-77f59f27e5fd] - page.customHeaders:  - {}
[INFO  - 2016-10-26T20:49:50.661Z] Session [bd2f3290-9bbd-11e6-af6f-77f59f27e5fd] - Session.negotiatedCapabilities - {"browserName":"phantomjs","version":"2.1.1","driverName":"ghostdriver","driverVersion":"1.2.0","platform":"windows-7-32bit","javascriptEnabled":true,"takesScreenshot":true,"handlesAlerts":false,"databaseEnabled":false,"locationContextEnabled":false,"applicationCacheEnabled":false,"browserConnectionEnabled":false,"cssSelectorsEnabled":true,"webStorageEnabled":false,"rotatable":false,"acceptSslCerts":false,"nativeEvents":true,"proxy":{"proxyType":"direct"}}
[INFO  - 2016-10-26T20:49:50.661Z] SessionManagerReqHand - _postNewSessionCommand - New Session Created: bd2f3290-9bbd-11e6-af6f-77f59f27e5fd
